<?xml version="1.0" encoding="UTF-8"?>
<coverage generated="1562827084669" clover="3.2.0">
  <project timestamp="1562827084669" name="All files">
    <metrics statements="68" coveredstatements="65" conditionals="58" coveredconditionals="49" methods="18" coveredmethods="18" elements="144" coveredelements="132" complexity="0" loc="68" ncloc="68" packages="1" files="1" classes="1"/>
    <file name="index.js" path="/home/rico/Documents/DEV/ME/packages/goku-array/src/index.js">
      <metrics statements="68" coveredstatements="65" conditionals="58" coveredconditionals="49" methods="18" coveredmethods="18"/>
      <line num="3" count="73" type="cond" truecount="5" falsecount="0"/>
      <line num="4" count="1" type="stmt"/>
      <line num="5" count="1" type="stmt"/>
      <line num="6" count="72" type="cond" truecount="4" falsecount="0"/>
      <line num="7" count="49" type="stmt"/>
      <line num="9" count="23" type="stmt"/>
      <line num="11" count="73" type="stmt"/>
      <line num="20" count="9" type="stmt"/>
      <line num="21" count="2" type="stmt"/>
      <line num="22" count="6" type="stmt"/>
      <line num="23" count="6" type="cond" truecount="1" falsecount="1"/>
      <line num="25" count="2" type="stmt"/>
      <line num="31" count="22" type="cond" truecount="2" falsecount="0"/>
      <line num="32" count="21" type="stmt"/>
      <line num="35" count="73" type="stmt"/>
      <line num="40" count="73" type="stmt"/>
      <line num="41" count="1" type="stmt"/>
      <line num="44" count="3" type="stmt"/>
      <line num="53" count="73" type="stmt"/>
      <line num="54" count="1" type="stmt"/>
      <line num="57" count="3" type="cond" truecount="1" falsecount="1"/>
      <line num="63" count="73" type="cond" truecount="0" falsecount="1"/>
      <line num="64" count="1" type="stmt"/>
      <line num="65" count="1" type="stmt"/>
      <line num="66" count="5" type="stmt"/>
      <line num="67" count="7" type="stmt"/>
      <line num="68" count="7" type="stmt"/>
      <line num="69" count="1" type="stmt"/>
      <line num="76" count="73" type="cond" truecount="0" falsecount="1"/>
      <line num="77" count="7" type="stmt"/>
      <line num="78" count="1" type="stmt"/>
      <line num="81" count="73" type="stmt"/>
      <line num="82" count="8" type="cond" truecount="2" falsecount="0"/>
      <line num="85" count="12" type="cond" truecount="2" falsecount="0"/>
      <line num="88" count="12" type="cond" truecount="2" falsecount="0"/>
      <line num="91" count="8" type="stmt"/>
      <line num="94" count="73" type="cond" truecount="3" falsecount="0"/>
      <line num="95" count="14" type="stmt"/>
      <line num="96" count="40" type="cond" truecount="2" falsecount="0"/>
      <line num="97" count="22" type="cond" truecount="2" falsecount="0"/>
      <line num="98" count="13" type="cond" truecount="2" falsecount="0"/>
      <line num="99" count="10" type="stmt"/>
      <line num="101" count="3" type="stmt"/>
      <line num="103" count="9" type="cond" truecount="1" falsecount="1"/>
      <line num="104" count="9" type="cond" truecount="2" falsecount="0"/>
      <line num="105" count="6" type="cond" truecount="2" falsecount="0"/>
      <line num="106" count="6" type="stmt"/>
      <line num="108" count="3" type="cond" truecount="1" falsecount="1"/>
      <line num="109" count="3" type="cond" truecount="2" falsecount="0"/>
      <line num="110" count="3" type="stmt"/>
      <line num="113" count="0" type="stmt"/>
      <line num="118" count="18" type="cond" truecount="1" falsecount="1"/>
      <line num="119" count="18" type="cond" truecount="2" falsecount="0"/>
      <line num="120" count="9" type="cond" truecount="2" falsecount="0"/>
      <line num="121" count="6" type="stmt"/>
      <line num="123" count="3" type="stmt"/>
      <line num="125" count="9" type="cond" truecount="1" falsecount="1"/>
      <line num="126" count="9" type="stmt"/>
      <line num="127" count="9" type="stmt"/>
      <line num="128" count="9" type="cond" truecount="2" falsecount="0"/>
      <line num="129" count="6" type="cond" truecount="2" falsecount="0"/>
      <line num="130" count="6" type="stmt"/>
      <line num="132" count="3" type="cond" truecount="1" falsecount="1"/>
      <line num="133" count="3" type="cond" truecount="2" falsecount="0"/>
      <line num="134" count="3" type="stmt"/>
      <line num="137" count="0" type="stmt"/>
      <line num="143" count="0" type="stmt"/>
      <line num="145" count="14" type="stmt"/>
    </file>
  </project>
</coverage>
