{"/home/rico/Documents/DEV/ME/packages/goku-array/src/index.js": {"path":"/home/rico/Documents/DEV/ME/packages/goku-array/src/index.js","statementMap":{"0":{"start":{"line":3,"column":4},"end":{"line":10,"column":5}},"1":{"start":{"line":4,"column":6},"end":{"line":4,"column":13}},"2":{"start":{"line":5,"column":6},"end":{"line":5,"column":25}},"3":{"start":{"line":6,"column":11},"end":{"line":10,"column":5}},"4":{"start":{"line":7,"column":6},"end":{"line":7,"column":22}},"5":{"start":{"line":9,"column":6},"end":{"line":9,"column":13}},"6":{"start":{"line":11,"column":4},"end":{"line":11,"column":59}},"7":{"start":{"line":20,"column":19},"end":{"line":26,"column":3}},"8":{"start":{"line":21,"column":4},"end":{"line":24,"column":5}},"9":{"start":{"line":21,"column":17},"end":{"line":21,"column":18}},"10":{"start":{"line":22,"column":16},"end":{"line":22,"column":45}},"11":{"start":{"line":23,"column":6},"end":{"line":23,"column":34}},"12":{"start":{"line":23,"column":26},"end":{"line":23,"column":34}},"13":{"start":{"line":25,"column":4},"end":{"line":25,"column":15}},"14":{"start":{"line":31,"column":4},"end":{"line":31,"column":49}},"15":{"start":{"line":31,"column":36},"end":{"line":31,"column":49}},"16":{"start":{"line":32,"column":4},"end":{"line":32,"column":15}},"17":{"start":{"line":35,"column":12},"end":{"line":35,"column":27}},"18":{"start":{"line":35,"column":18},"end":{"line":35,"column":27}},"19":{"start":{"line":40,"column":13},"end":{"line":48,"column":5}},"20":{"start":{"line":41,"column":4},"end":{"line":48,"column":5}},"21":{"start":{"line":44,"column":8},"end":{"line":44,"column":46}},"22":{"start":{"line":53,"column":16},"end":{"line":61,"column":5}},"23":{"start":{"line":54,"column":4},"end":{"line":61,"column":5}},"24":{"start":{"line":57,"column":8},"end":{"line":57,"column":57}},"25":{"start":{"line":57,"column":41},"end":{"line":57,"column":57}},"26":{"start":{"line":63,"column":9},"end":{"line":74,"column":3}},"27":{"start":{"line":64,"column":20},"end":{"line":64,"column":24}},"28":{"start":{"line":65,"column":17},"end":{"line":65,"column":20}},"29":{"start":{"line":66,"column":23},"end":{"line":66,"column":67}},"30":{"start":{"line":66,"column":43},"end":{"line":66,"column":66}},"31":{"start":{"line":67,"column":20},"end":{"line":67,"column":64}},"32":{"start":{"line":67,"column":43},"end":{"line":67,"column":63}},"33":{"start":{"line":68,"column":19},"end":{"line":68,"column":62}},"34":{"start":{"line":68,"column":42},"end":{"line":68,"column":61}},"35":{"start":{"line":69,"column":4},"end":{"line":73,"column":6}},"36":{"start":{"line":76,"column":16},"end":{"line":79,"column":3}},"37":{"start":{"line":77,"column":18},"end":{"line":77,"column":57}},"38":{"start":{"line":77,"column":35},"end":{"line":77,"column":56}},"39":{"start":{"line":78,"column":4},"end":{"line":78,"column":31}},"40":{"start":{"line":81,"column":11},"end":{"line":92,"column":3}},"41":{"start":{"line":82,"column":17},"end":{"line":90,"column":26}},"42":{"start":{"line":85,"column":10},"end":{"line":87,"column":28}},"43":{"start":{"line":88,"column":8},"end":{"line":88,"column":59}},"44":{"start":{"line":91,"column":4},"end":{"line":91,"column":30}},"45":{"start":{"line":94,"column":14},"end":{"line":146,"column":3}},"46":{"start":{"line":95,"column":19},"end":{"line":144,"column":6}},"47":{"start":{"line":96,"column":6},"end":{"line":142,"column":7}},"48":{"start":{"line":97,"column":8},"end":{"line":102,"column":9}},"49":{"start":{"line":98,"column":10},"end":{"line":100,"column":11}},"50":{"start":{"line":99,"column":12},"end":{"line":99,"column":25}},"51":{"start":{"line":101,"column":10},"end":{"line":101,"column":23}},"52":{"start":{"line":103,"column":8},"end":{"line":114,"column":9}},"53":{"start":{"line":104,"column":10},"end":{"line":107,"column":11}},"54":{"start":{"line":105,"column":26},"end":{"line":105,"column":53}},"55":{"start":{"line":106,"column":12},"end":{"line":106,"column":25}},"56":{"start":{"line":108,"column":10},"end":{"line":111,"column":11}},"57":{"start":{"line":109,"column":26},"end":{"line":109,"column":53}},"58":{"start":{"line":110,"column":12},"end":{"line":110,"column":25}},"59":{"start":{"line":113,"column":10},"end":{"line":113,"column":19}},"60":{"start":{"line":118,"column":13},"end":{"line":142,"column":7}},"61":{"start":{"line":119,"column":8},"end":{"line":124,"column":9}},"62":{"start":{"line":120,"column":10},"end":{"line":122,"column":11}},"63":{"start":{"line":121,"column":12},"end":{"line":121,"column":39}},"64":{"start":{"line":123,"column":10},"end":{"line":123,"column":37}},"65":{"start":{"line":125,"column":8},"end":{"line":138,"column":9}},"66":{"start":{"line":126,"column":24},"end":{"line":126,"column":46}},"67":{"start":{"line":127,"column":24},"end":{"line":127,"column":46}},"68":{"start":{"line":128,"column":10},"end":{"line":131,"column":11}},"69":{"start":{"line":129,"column":26},"end":{"line":129,"column":53}},"70":{"start":{"line":130,"column":12},"end":{"line":130,"column":25}},"71":{"start":{"line":132,"column":10},"end":{"line":135,"column":11}},"72":{"start":{"line":133,"column":26},"end":{"line":133,"column":53}},"73":{"start":{"line":134,"column":12},"end":{"line":134,"column":25}},"74":{"start":{"line":137,"column":10},"end":{"line":137,"column":19}},"75":{"start":{"line":143,"column":6},"end":{"line":143,"column":15}},"76":{"start":{"line":145,"column":4},"end":{"line":145,"column":32}}},"fnMap":{"0":{"name":"(anonymous_0)","decl":{"start":{"line":2,"column":2},"end":{"line":2,"column":3}},"loc":{"start":{"line":2,"column":44},"end":{"line":18,"column":3}},"line":2},"1":{"name":"(anonymous_1)","decl":{"start":{"line":20,"column":19},"end":{"line":20,"column":20}},"loc":{"start":{"line":20,"column":49},"end":{"line":26,"column":3}},"line":20},"2":{"name":"(anonymous_2)","decl":{"start":{"line":30,"column":2},"end":{"line":30,"column":3}},"loc":{"start":{"line":30,"column":32},"end":{"line":33,"column":3}},"line":30},"3":{"name":"(anonymous_3)","decl":{"start":{"line":35,"column":12},"end":{"line":35,"column":13}},"loc":{"start":{"line":35,"column":18},"end":{"line":35,"column":27}},"line":35},"4":{"name":"(anonymous_4)","decl":{"start":{"line":40,"column":13},"end":{"line":40,"column":14}},"loc":{"start":{"line":41,"column":4},"end":{"line":48,"column":5}},"line":41},"5":{"name":"(anonymous_5)","decl":{"start":{"line":43,"column":6},"end":{"line":43,"column":7}},"loc":{"start":{"line":43,"column":40},"end":{"line":45,"column":7}},"line":43},"6":{"name":"(anonymous_6)","decl":{"start":{"line":53,"column":16},"end":{"line":53,"column":17}},"loc":{"start":{"line":54,"column":4},"end":{"line":61,"column":5}},"line":54},"7":{"name":"(anonymous_7)","decl":{"start":{"line":56,"column":6},"end":{"line":56,"column":7}},"loc":{"start":{"line":56,"column":40},"end":{"line":58,"column":7}},"line":56},"8":{"name":"(anonymous_8)","decl":{"start":{"line":63,"column":9},"end":{"line":63,"column":10}},"loc":{"start":{"line":63,"column":23},"end":{"line":74,"column":3}},"line":63},"9":{"name":"(anonymous_9)","decl":{"start":{"line":66,"column":35},"end":{"line":66,"column":36}},"loc":{"start":{"line":66,"column":43},"end":{"line":66,"column":66}},"line":66},"10":{"name":"(anonymous_10)","decl":{"start":{"line":67,"column":35},"end":{"line":67,"column":36}},"loc":{"start":{"line":67,"column":43},"end":{"line":67,"column":63}},"line":67},"11":{"name":"(anonymous_11)","decl":{"start":{"line":68,"column":34},"end":{"line":68,"column":35}},"loc":{"start":{"line":68,"column":42},"end":{"line":68,"column":61}},"line":68},"12":{"name":"(anonymous_12)","decl":{"start":{"line":76,"column":16},"end":{"line":76,"column":17}},"loc":{"start":{"line":76,"column":30},"end":{"line":79,"column":3}},"line":76},"13":{"name":"(anonymous_13)","decl":{"start":{"line":77,"column":30},"end":{"line":77,"column":31}},"loc":{"start":{"line":77,"column":35},"end":{"line":77,"column":56}},"line":77},"14":{"name":"(anonymous_14)","decl":{"start":{"line":81,"column":11},"end":{"line":81,"column":12}},"loc":{"start":{"line":81,"column":23},"end":{"line":92,"column":3}},"line":81},"15":{"name":"(anonymous_15)","decl":{"start":{"line":83,"column":20},"end":{"line":83,"column":21}},"loc":{"start":{"line":83,"column":36},"end":{"line":89,"column":7}},"line":83},"16":{"name":"(anonymous_16)","decl":{"start":{"line":94,"column":14},"end":{"line":94,"column":15}},"loc":{"start":{"line":94,"column":59},"end":{"line":146,"column":3}},"line":94},"17":{"name":"(anonymous_17)","decl":{"start":{"line":95,"column":29},"end":{"line":95,"column":30}},"loc":{"start":{"line":95,"column":39},"end":{"line":144,"column":5}},"line":95}},"branchMap":{"0":{"loc":{"start":{"line":3,"column":4},"end":{"line":10,"column":5}},"type":"if","locations":[{"start":{"line":3,"column":4},"end":{"line":10,"column":5}},{"start":{"line":3,"column":4},"end":{"line":10,"column":5}}],"line":3},"1":{"loc":{"start":{"line":3,"column":8},"end":{"line":3,"column":67}},"type":"binary-expr","locations":[{"start":{"line":3,"column":8},"end":{"line":3,"column":13}},{"start":{"line":3,"column":17},"end":{"line":3,"column":35}},{"start":{"line":3,"column":39},"end":{"line":3,"column":67}}],"line":3},"2":{"loc":{"start":{"line":6,"column":11},"end":{"line":10,"column":5}},"type":"if","locations":[{"start":{"line":6,"column":11},"end":{"line":10,"column":5}},{"start":{"line":6,"column":11},"end":{"line":10,"column":5}}],"line":6},"3":{"loc":{"start":{"line":6,"column":15},"end":{"line":6,"column":44}},"type":"binary-expr","locations":[{"start":{"line":6,"column":15},"end":{"line":6,"column":20}},{"start":{"line":6,"column":24},"end":{"line":6,"column":44}}],"line":6},"4":{"loc":{"start":{"line":23,"column":6},"end":{"line":23,"column":34}},"type":"if","locations":[{"start":{"line":23,"column":6},"end":{"line":23,"column":34}},{"start":{"line":23,"column":6},"end":{"line":23,"column":34}}],"line":23},"5":{"loc":{"start":{"line":31,"column":4},"end":{"line":31,"column":49}},"type":"if","locations":[{"start":{"line":31,"column":4},"end":{"line":31,"column":49}},{"start":{"line":31,"column":4},"end":{"line":31,"column":49}}],"line":31},"6":{"loc":{"start":{"line":57,"column":8},"end":{"line":57,"column":57}},"type":"if","locations":[{"start":{"line":57,"column":8},"end":{"line":57,"column":57}},{"start":{"line":57,"column":8},"end":{"line":57,"column":57}}],"line":57},"7":{"loc":{"start":{"line":63,"column":10},"end":{"line":63,"column":18}},"type":"default-arg","locations":[{"start":{"line":63,"column":16},"end":{"line":63,"column":18}}],"line":63},"8":{"loc":{"start":{"line":76,"column":17},"end":{"line":76,"column":25}},"type":"default-arg","locations":[{"start":{"line":76,"column":23},"end":{"line":76,"column":25}}],"line":76},"9":{"loc":{"start":{"line":82,"column":17},"end":{"line":90,"column":26}},"type":"cond-expr","locations":[{"start":{"line":83,"column":8},"end":{"line":89,"column":19}},{"start":{"line":90,"column":8},"end":{"line":90,"column":26}}],"line":82},"10":{"loc":{"start":{"line":85,"column":10},"end":{"line":87,"column":28}},"type":"cond-expr","locations":[{"start":{"line":86,"column":14},"end":{"line":86,"column":27}},{"start":{"line":87,"column":14},"end":{"line":87,"column":28}}],"line":85},"11":{"loc":{"start":{"line":88,"column":15},"end":{"line":88,"column":58}},"type":"cond-expr","locations":[{"start":{"line":88,"column":30},"end":{"line":88,"column":35}},{"start":{"line":88,"column":39},"end":{"line":88,"column":57}}],"line":88},"12":{"loc":{"start":{"line":94,"column":15},"end":{"line":94,"column":54}},"type":"default-arg","locations":[{"start":{"line":94,"column":52},"end":{"line":94,"column":54}}],"line":94},"13":{"loc":{"start":{"line":94,"column":17},"end":{"line":94,"column":33}},"type":"default-arg","locations":[{"start":{"line":94,"column":28},"end":{"line":94,"column":33}}],"line":94},"14":{"loc":{"start":{"line":94,"column":35},"end":{"line":94,"column":47}},"type":"default-arg","locations":[{"start":{"line":94,"column":43},"end":{"line":94,"column":47}}],"line":94},"15":{"loc":{"start":{"line":96,"column":6},"end":{"line":142,"column":7}},"type":"if","locations":[{"start":{"line":96,"column":6},"end":{"line":142,"column":7}},{"start":{"line":96,"column":6},"end":{"line":142,"column":7}}],"line":96},"16":{"loc":{"start":{"line":97,"column":8},"end":{"line":102,"column":9}},"type":"if","locations":[{"start":{"line":97,"column":8},"end":{"line":102,"column":9}},{"start":{"line":97,"column":8},"end":{"line":102,"column":9}}],"line":97},"17":{"loc":{"start":{"line":98,"column":10},"end":{"line":100,"column":11}},"type":"if","locations":[{"start":{"line":98,"column":10},"end":{"line":100,"column":11}},{"start":{"line":98,"column":10},"end":{"line":100,"column":11}}],"line":98},"18":{"loc":{"start":{"line":103,"column":8},"end":{"line":114,"column":9}},"type":"if","locations":[{"start":{"line":103,"column":8},"end":{"line":114,"column":9}},{"start":{"line":103,"column":8},"end":{"line":114,"column":9}}],"line":103},"19":{"loc":{"start":{"line":104,"column":10},"end":{"line":107,"column":11}},"type":"if","locations":[{"start":{"line":104,"column":10},"end":{"line":107,"column":11}},{"start":{"line":104,"column":10},"end":{"line":107,"column":11}}],"line":104},"20":{"loc":{"start":{"line":105,"column":26},"end":{"line":105,"column":53}},"type":"cond-expr","locations":[{"start":{"line":105,"column":47},"end":{"line":105,"column":49}},{"start":{"line":105,"column":52},"end":{"line":105,"column":53}}],"line":105},"21":{"loc":{"start":{"line":108,"column":10},"end":{"line":111,"column":11}},"type":"if","locations":[{"start":{"line":108,"column":10},"end":{"line":111,"column":11}},{"start":{"line":108,"column":10},"end":{"line":111,"column":11}}],"line":108},"22":{"loc":{"start":{"line":109,"column":26},"end":{"line":109,"column":53}},"type":"cond-expr","locations":[{"start":{"line":109,"column":47},"end":{"line":109,"column":48}},{"start":{"line":109,"column":51},"end":{"line":109,"column":53}}],"line":109},"23":{"loc":{"start":{"line":118,"column":13},"end":{"line":142,"column":7}},"type":"if","locations":[{"start":{"line":118,"column":13},"end":{"line":142,"column":7}},{"start":{"line":118,"column":13},"end":{"line":142,"column":7}}],"line":118},"24":{"loc":{"start":{"line":119,"column":8},"end":{"line":124,"column":9}},"type":"if","locations":[{"start":{"line":119,"column":8},"end":{"line":124,"column":9}},{"start":{"line":119,"column":8},"end":{"line":124,"column":9}}],"line":119},"25":{"loc":{"start":{"line":120,"column":10},"end":{"line":122,"column":11}},"type":"if","locations":[{"start":{"line":120,"column":10},"end":{"line":122,"column":11}},{"start":{"line":120,"column":10},"end":{"line":122,"column":11}}],"line":120},"26":{"loc":{"start":{"line":125,"column":8},"end":{"line":138,"column":9}},"type":"if","locations":[{"start":{"line":125,"column":8},"end":{"line":138,"column":9}},{"start":{"line":125,"column":8},"end":{"line":138,"column":9}}],"line":125},"27":{"loc":{"start":{"line":128,"column":10},"end":{"line":131,"column":11}},"type":"if","locations":[{"start":{"line":128,"column":10},"end":{"line":131,"column":11}},{"start":{"line":128,"column":10},"end":{"line":131,"column":11}}],"line":128},"28":{"loc":{"start":{"line":129,"column":26},"end":{"line":129,"column":53}},"type":"cond-expr","locations":[{"start":{"line":129,"column":47},"end":{"line":129,"column":49}},{"start":{"line":129,"column":52},"end":{"line":129,"column":53}}],"line":129},"29":{"loc":{"start":{"line":132,"column":10},"end":{"line":135,"column":11}},"type":"if","locations":[{"start":{"line":132,"column":10},"end":{"line":135,"column":11}},{"start":{"line":132,"column":10},"end":{"line":135,"column":11}}],"line":132},"30":{"loc":{"start":{"line":133,"column":26},"end":{"line":133,"column":53}},"type":"cond-expr","locations":[{"start":{"line":133,"column":47},"end":{"line":133,"column":48}},{"start":{"line":133,"column":51},"end":{"line":133,"column":53}}],"line":133}},"s":{"0":73,"1":1,"2":1,"3":72,"4":49,"5":23,"6":73,"7":9,"8":2,"9":2,"10":6,"11":6,"12":0,"13":2,"14":22,"15":1,"16":21,"17":73,"18":4,"19":73,"20":1,"21":3,"22":73,"23":1,"24":3,"25":3,"26":73,"27":1,"28":1,"29":1,"30":5,"31":1,"32":7,"33":1,"34":7,"35":1,"36":73,"37":1,"38":7,"39":1,"40":73,"41":8,"42":12,"43":12,"44":8,"45":73,"46":14,"47":40,"48":22,"49":13,"50":10,"51":3,"52":9,"53":9,"54":6,"55":6,"56":3,"57":3,"58":3,"59":0,"60":18,"61":18,"62":9,"63":6,"64":3,"65":9,"66":9,"67":9,"68":9,"69":6,"70":6,"71":3,"72":3,"73":3,"74":0,"75":0,"76":14},"f":{"0":73,"1":2,"2":22,"3":4,"4":1,"5":3,"6":1,"7":3,"8":1,"9":5,"10":7,"11":7,"12":1,"13":7,"14":8,"15":12,"16":14,"17":40},"b":{"0":[1,72],"1":[73,59,2],"2":[49,23],"3":[72,58],"4":[0,6],"5":[1,21],"6":[3,0],"7":[0],"8":[0],"9":[3,5],"10":[4,8],"11":[5,7],"12":[4],"13":[6],"14":[8],"15":[22,18],"16":[13,9],"17":[10,3],"18":[9,0],"19":[6,3],"20":[4,2],"21":[3,0],"22":[2,1],"23":[18,0],"24":[9,9],"25":[6,3],"26":[9,0],"27":[6,3],"28":[4,2],"29":[3,0],"30":[2,1]},"_coverageSchema":"43e27e138ebf9cfc5966b082cf9a028302ed4184","hash":"99451139c03ce48fbd7a064492612abe2dd99c96"}
}
