TN:
SF:/home/rico/Documents/DEV/ME/packages/goku-array/src/index.js
FN:2,(anonymous_0)
FN:20,(anonymous_1)
FN:30,(anonymous_2)
FN:35,(anonymous_3)
FN:40,(anonymous_4)
FN:43,(anonymous_5)
FN:53,(anonymous_6)
FN:56,(anonymous_7)
FN:63,(anonymous_8)
FN:66,(anonymous_9)
FN:67,(anonymous_10)
FN:68,(anonymous_11)
FN:76,(anonymous_12)
FN:77,(anonymous_13)
FN:81,(anonymous_14)
FN:83,(anonymous_15)
FN:94,(anonymous_16)
FN:95,(anonymous_17)
FNF:18
FNH:18
FNDA:73,(anonymous_0)
FNDA:2,(anonymous_1)
FNDA:22,(anonymous_2)
FNDA:4,(anonymous_3)
FNDA:1,(anonymous_4)
FNDA:3,(anonymous_5)
FNDA:1,(anonymous_6)
FNDA:3,(anonymous_7)
FNDA:1,(anonymous_8)
FNDA:5,(anonymous_9)
FNDA:7,(anonymous_10)
FNDA:7,(anonymous_11)
FNDA:1,(anonymous_12)
FNDA:7,(anonymous_13)
FNDA:8,(anonymous_14)
FNDA:12,(anonymous_15)
FNDA:14,(anonymous_16)
FNDA:40,(anonymous_17)
DA:3,73
DA:4,1
DA:5,1
DA:6,72
DA:7,49
DA:9,23
DA:11,73
DA:20,9
DA:21,2
DA:22,6
DA:23,6
DA:25,2
DA:31,22
DA:32,21
DA:35,73
DA:40,73
DA:41,1
DA:44,3
DA:53,73
DA:54,1
DA:57,3
DA:63,73
DA:64,1
DA:65,1
DA:66,5
DA:67,7
DA:68,7
DA:69,1
DA:76,73
DA:77,7
DA:78,1
DA:81,73
DA:82,8
DA:85,12
DA:88,12
DA:91,8
DA:94,73
DA:95,14
DA:96,40
DA:97,22
DA:98,13
DA:99,10
DA:101,3
DA:103,9
DA:104,9
DA:105,6
DA:106,6
DA:108,3
DA:109,3
DA:110,3
DA:113,0
DA:118,18
DA:119,18
DA:120,9
DA:121,6
DA:123,3
DA:125,9
DA:126,9
DA:127,9
DA:128,9
DA:129,6
DA:130,6
DA:132,3
DA:133,3
DA:134,3
DA:137,0
DA:143,0
DA:145,14
LF:68
LH:65
BRDA:3,0,0,1
BRDA:3,0,1,72
BRDA:3,1,0,73
BRDA:3,1,1,59
BRDA:3,1,2,2
BRDA:6,2,0,49
BRDA:6,2,1,23
BRDA:6,3,0,72
BRDA:6,3,1,58
BRDA:23,4,0,0
BRDA:23,4,1,6
BRDA:31,5,0,1
BRDA:31,5,1,21
BRDA:57,6,0,3
BRDA:57,6,1,0
BRDA:63,7,0,0
BRDA:76,8,0,0
BRDA:82,9,0,3
BRDA:82,9,1,5
BRDA:85,10,0,4
BRDA:85,10,1,8
BRDA:88,11,0,5
BRDA:88,11,1,7
BRDA:94,12,0,4
BRDA:94,13,0,6
BRDA:94,14,0,8
BRDA:96,15,0,22
BRDA:96,15,1,18
BRDA:97,16,0,13
BRDA:97,16,1,9
BRDA:98,17,0,10
BRDA:98,17,1,3
BRDA:103,18,0,9
BRDA:103,18,1,0
BRDA:104,19,0,6
BRDA:104,19,1,3
BRDA:105,20,0,4
BRDA:105,20,1,2
BRDA:108,21,0,3
BRDA:108,21,1,0
BRDA:109,22,0,2
BRDA:109,22,1,1
BRDA:118,23,0,18
BRDA:118,23,1,0
BRDA:119,24,0,9
BRDA:119,24,1,9
BRDA:120,25,0,6
BRDA:120,25,1,3
BRDA:125,26,0,9
BRDA:125,26,1,0
BRDA:128,27,0,6
BRDA:128,27,1,3
BRDA:129,28,0,4
BRDA:129,28,1,2
BRDA:132,29,0,3
BRDA:132,29,1,0
BRDA:133,30,0,2
BRDA:133,30,1,1
BRF:58
BRH:49
end_of_record
